<?xml version='1.0'?>
<ns2:test-suite xmlns:ns2='urn:model.allure.qatools.yandex.ru' start='1647244861475' stop='1647244862940'>
    <name>Send 2FA verification code</name>
    <title>Send 2FA verification code</title>
    <test-cases>
        <test-case start='1647244861476' status='broken' stop='1647244862940'>
            <name>Should send code by click Send Code button</name>
            <title>Should send code by click Send Code button</title>
            <labels>
                <label name='language' value='javascript'/>
                <label name='framework' value='wdio'/>
                <label name='thread' value='0-0'/>
                <label name='language' value='javascript'/>
                <label name='framework' value='wdio'/>
                <label name='thread' value='0-0'/>
            </labels>
            <parameters>
                <parameter kind='argument' name='browser' value='Chrome-99.0.4844.51'/>
                <parameter kind='argument' name='browser' value='Chrome-99.0.4844.51'/>
            </parameters>
            <steps>
                <step start='1647244861476' status='passed' stop='1647244861484'>
                    <name>findElement</name>
                    <title>findElement</title>
                    <attachments>
                        <attachment title='Request' source='7386d228-0182-43fb-8262-7186eb433d05-attachment.json' type='application/json' size='63'/>
                        <attachment title='Response' source='95bfacf6-be7c-458a-ba02-92e96dfd4f1f-attachment.json' type='application/json' size='57'/>
                    </attachments>
                    <steps>
                        <step start='1647244861478' status='passed' stop='1647244861481'>
                            <name>findElement</name>
                            <title>findElement</title>
                            <attachments>
                                <attachment title='Request' source='84437000-7777-4f38-8125-ed3ae0ee7015-attachment.json' type='application/json' size='63'/>
                                <attachment title='Response' source='c81f01e8-21f9-40e7-ae89-58e10522c75a-attachment.json' type='application/json' size='57'/>
                            </attachments>
                            <steps/>
                        </step>
                    </steps>
                </step>
                <step start='1647244861486' status='passed' stop='1647244861531'>
                    <name>elementClick</name>
                    <title>elementClick</title>
                    <attachments>
                        <attachment title='Request' source='11add2d5-3a8d-4f9b-9bc2-2997b6119fc6-attachment.json' type='application/json' size='31'/>
                    </attachments>
                    <steps>
                        <step start='1647244861488' status='passed' stop='1647244861499'>
                            <name>executeScript</name>
                            <title>executeScript</title>
                            <attachments>
                                <attachment title='Request' source='ce982449-db7b-4675-9cab-1a106bb4cabf-attachment.json' type='application/json' size='8285'/>
                                <attachment title='Response' source='9902267d-3920-4afa-b7b8-6c3bc855ec42-attachment.json' type='application/json' size='4'/>
                            </attachments>
                            <steps/>
                        </step>
                        <step start='1647244861501' status='passed' stop='1647244861506'>
                            <name>executeScript</name>
                            <title>executeScript</title>
                            <attachments>
                                <attachment title='Request' source='7c3f0ead-be70-43a4-a63c-da3b166819fb-attachment.json' type='application/json' size='5597'/>
                            </attachments>
                            <steps/>
                        </step>
                        <step start='1647244861508' status='passed' stop='1647244861516'>
                            <name>executeScript</name>
                            <title>executeScript</title>
                            <attachments>
                                <attachment title='Request' source='14825c1c-4fd4-4803-a233-2a2b1445072d-attachment.json' type='application/json' size='8285'/>
                                <attachment title='Response' source='07b384f0-3503-4464-9bbb-407dc1aa9822-attachment.json' type='application/json' size='4'/>
                            </attachments>
                            <steps/>
                        </step>
                        <step start='1647244861520' status='passed' stop='1647244861524'>
                            <name>executeScript</name>
                            <title>executeScript</title>
                            <attachments>
                                <attachment title='Request' source='c01df59b-e519-4575-8ef6-3ce0fed0eadd-attachment.json' type='application/json' size='5597'/>
                            </attachments>
                            <steps/>
                        </step>
                    </steps>
                </step>
                <step start='1647244862016' status='passed' stop='1647244862024'>
                    <name>executeScript</name>
                    <title>executeScript</title>
                    <attachments>
                        <attachment title='Request' source='3bc8ff95-842e-40b9-98d4-3cb9b3ff852e-attachment.json' type='application/json' size='8285'/>
                        <attachment title='Response' source='5ec22e07-3440-4884-846c-8395c7915400-attachment.json' type='application/json' size='4'/>
                    </attachments>
                    <steps/>
                </step>
                <step start='1647244862027' status='passed' stop='1647244862033'>
                    <name>executeScript</name>
                    <title>executeScript</title>
                    <attachments>
                        <attachment title='Request' source='4206cd01-9b40-4098-8dd5-5aa2ff5625a6-attachment.json' type='application/json' size='5597'/>
                        <attachment title='Response' source='f1454cba-904a-45bb-8cb0-ef78e2b1701a-attachment.json' type='application/json' size='4'/>
                    </attachments>
                    <steps/>
                </step>
                <step start='1647244862036' status='passed' stop='1647244862040'>
                    <name>findElement</name>
                    <title>findElement</title>
                    <attachments>
                        <attachment title='Request' source='d9a9a297-d8c1-453f-b6e2-3bed504bf3a6-attachment.json' type='application/json' size='82'/>
                        <attachment title='Response' source='c92146ea-27b9-4196-8640-72984c100d09-attachment.json' type='application/json' size='2'/>
                    </attachments>
                    <steps/>
                </step>
                <step start='1647244862044' status='passed' stop='1647244862047'>
                    <name>findElement</name>
                    <title>findElement</title>
                    <attachments>
                        <attachment title='Request' source='70cbb4f0-a886-47c1-9a5a-40a0fec4c2f0-attachment.json' type='application/json' size='82'/>
                        <attachment title='Response' source='898d1d71-ce06-4458-9cd8-246618452be4-attachment.json' type='application/json' size='2'/>
                    </attachments>
                    <steps/>
                </step>
                <step start='1647244862051' status='broken' stop='1647244862940'>
                    <name>findElement</name>
                    <title>findElement</title>
                    <attachments>
                        <attachment title='Request' source='28c86996-6fa1-476d-9413-ffd4913bf6a2-attachment.json' type='application/json' size='62'/>
                    </attachments>
                    <steps>
                        <step start='1647244862059' status='passed' stop='1647244862939'>
                            <name>takeScreenshot</name>
                            <title>takeScreenshot</title>
                            <attachments>
                                <attachment title='Screenshot' source='4c11e072-812c-400a-8066-49b1552391c0-attachment.png' type='image/png' size='1480834'/>
                            </attachments>
                            <steps/>
                        </step>
                    </steps>
                </step>
            </steps>
            <attachments/>
            <failure>
                <message>Evaluation failed: DOMException: Failed to execute 'querySelector' on 'Document': '#2fa-method-select' is not a valid selector.
                    at __puppeteer_evaluation_script__:1:33</message>
                <stack-trace>Evaluation failed: DOMException: Failed to execute 'querySelector' on 'Document': '#2fa-method-select' is not a valid selector.
                    at __puppeteer_evaluation_script__:1:33
                Error: Evaluation failed: DOMException: Failed to execute 'querySelector' on 'Document': '#2fa-method-select' is not a valid selector.
                    at __puppeteer_evaluation_script__:1:33
                    at ExecutionContext._evaluateInternal (/Users/andrewburlakov/Desktop/JavaScript/QA_For_ALL/project_16/node_modules/puppeteer-core/lib/cjs/puppeteer/common/ExecutionContext.js:221:19)
                    at processTicksAndRejections (node:internal/process/task_queues:96:5)
                    at async ElementHandle.evaluateHandle (/Users/andrewburlakov/Desktop/JavaScript/QA_For_ALL/project_16/node_modules/puppeteer-core/lib/cjs/puppeteer/common/JSHandle.js:121:16)
                    at async Object.internalHandler.queryOne (/Users/andrewburlakov/Desktop/JavaScript/QA_For_ALL/project_16/node_modules/puppeteer-core/lib/cjs/puppeteer/common/QueryHandler.js:24:30)
                    at async DOMWorld.$ (/Users/andrewburlakov/Desktop/JavaScript/QA_For_ALL/project_16/node_modules/puppeteer-core/lib/cjs/puppeteer/common/DOMWorld.js:101:23)
                    at async DevToolsDriver.findElement (/Users/andrewburlakov/Desktop/JavaScript/QA_For_ALL/project_16/node_modules/devtools/build/utils.js:89:15)
                    at async Browser.wrappedCommand (/Users/andrewburlakov/Desktop/JavaScript/QA_For_ALL/project_16/node_modules/devtools/build/devtoolsdriver.js:102:26)
                    at async Browser.wrapCommandFn (/Users/andrewburlakov/Desktop/JavaScript/QA_For_ALL/project_16/node_modules/@wdio/utils/build/shim.js:137:29)
                    at async Browser.$ (/Users/andrewburlakov/Desktop/JavaScript/QA_For_ALL/project_16/node_modules/webdriverio/build/commands/browser/$.js:88:17)
                    at async Browser.wrapCommandFn (/Users/andrewburlakov/Desktop/JavaScript/QA_For_ALL/project_16/node_modules/@wdio/utils/build/shim.js:137:29)</stack-trace>
            </failure>
        </test-case>
    </test-cases>
</ns2:test-suite>