<?xml version='1.0'?>
<ns2:test-suite xmlns:ns2='urn:model.allure.qatools.yandex.ru' start='1647223608192' stop='1647223609011'>
    <name>Send 2FA verification code</name>
    <title>Send 2FA verification code</title>
    <test-cases>
        <test-case start='1647223608192' status='passed' stop='1647223608743'>
            <name>should detect if send code button clickable</name>
            <title>should detect if send code button clickable</title>
            <labels>
                <label name='language' value='javascript'/>
                <label name='framework' value='wdio'/>
                <label name='thread' value='0-0'/>
            </labels>
            <parameters>
                <parameter kind='argument' name='browser' value='Chrome-99.0.4844.51'/>
            </parameters>
            <steps>
                <step start='1647223608194' status='passed' stop='1647223608196'>
                    <name>findElement</name>
                    <title>findElement</title>
                    <attachments>
                        <attachment title='Request' source='fae488ae-364e-4de0-9365-cf6a09ecea47-attachment.json' type='application/json' size='72'/>
                        <attachment title='Response' source='2a90cee9-9a75-45e7-9227-a07bdbce7256-attachment.json' type='application/json' size='2'/>
                    </attachments>
                    <steps/>
                </step>
                <step start='1647223608200' status='passed' stop='1647223608202'>
                    <name>findElement</name>
                    <title>findElement</title>
                    <attachments>
                        <attachment title='Request' source='246a2068-2a17-48d2-9210-2b31f98dc8ea-attachment.json' type='application/json' size='72'/>
                        <attachment title='Response' source='6e5b3ff8-8b40-401b-a033-ec5c50978f08-attachment.json' type='application/json' size='2'/>
                    </attachments>
                    <steps/>
                </step>
                <step start='1647223608206' status='passed' stop='1647223608208'>
                    <name>findElement</name>
                    <title>findElement</title>
                    <attachments>
                        <attachment title='Request' source='3d5918e4-d4c9-46b8-9672-41f0b04e6fdb-attachment.json' type='application/json' size='72'/>
                        <attachment title='Response' source='f97575e0-e578-407f-bfaf-a9ab5befc8a6-attachment.json' type='application/json' size='2'/>
                    </attachments>
                    <steps/>
                </step>
                <step start='1647223608709' status='passed' stop='1647223608711'>
                    <name>findElement</name>
                    <title>findElement</title>
                    <attachments>
                        <attachment title='Request' source='c216f68f-e679-45f0-9c29-e08487a51850-attachment.json' type='application/json' size='72'/>
                        <attachment title='Response' source='25afa09f-6b46-4c1e-8a00-95b571273492-attachment.json' type='application/json' size='57'/>
                    </attachments>
                    <steps/>
                </step>
                <step start='1647223608719' status='passed' stop='1647223608733'>
                    <name>executeScript</name>
                    <title>executeScript</title>
                    <attachments>
                        <attachment title='Request' source='b77a23fd-0fab-4926-9f16-525c5f945bdc-attachment.json' type='application/json' size='8285'/>
                        <attachment title='Response' source='3fa4a227-acff-4a47-a504-9ca88fd0be10-attachment.json' type='application/json' size='4'/>
                    </attachments>
                    <steps/>
                </step>
                <step start='1647223608735' status='passed' stop='1647223608742'>
                    <name>executeScript</name>
                    <title>executeScript</title>
                    <attachments>
                        <attachment title='Request' source='5257239b-d11e-4da0-88c0-45d45ab4af0a-attachment.json' type='application/json' size='5597'/>
                        <attachment title='Response' source='233fcdf6-f1ec-48d6-ac61-7a6207a601d0-attachment.json' type='application/json' size='4'/>
                    </attachments>
                    <steps/>
                </step>
            </steps>
            <attachments/>
        </test-case>
        <test-case start='1647223608744' status='broken' stop='1647223609011'>
            <name>Should send code by click Send Code button</name>
            <title>Should send code by click Send Code button</title>
            <labels>
                <label name='language' value='javascript'/>
                <label name='framework' value='wdio'/>
                <label name='thread' value='0-0'/>
            </labels>
            <parameters>
                <parameter kind='argument' name='browser' value='Chrome-99.0.4844.51'/>
            </parameters>
            <steps>
                <step start='1647223608747' status='passed' stop='1647223608750'>
                    <name>findElement</name>
                    <title>findElement</title>
                    <attachments>
                        <attachment title='Request' source='79d0c170-03b1-4646-88e7-222c8aea7a28-attachment.json' type='application/json' size='82'/>
                        <attachment title='Response' source='05f38892-d7ff-489a-8308-b49a8ead04b4-attachment.json' type='application/json' size='57'/>
                    </attachments>
                    <steps/>
                </step>
                <step start='1647223608754' status='passed' stop='1647223608761'>
                    <name>executeScript</name>
                    <title>executeScript</title>
                    <attachments>
                        <attachment title='Request' source='4e529a50-ec95-4228-a4c5-6204d1566f80-attachment.json' type='application/json' size='8285'/>
                        <attachment title='Response' source='97ffa69e-4e68-4a5a-ba1a-ec1cc742b393-attachment.json' type='application/json' size='4'/>
                    </attachments>
                    <steps/>
                </step>
                <step start='1647223608766' status='broken' stop='1647223609011'>
                    <name>findElement</name>
                    <title>findElement</title>
                    <attachments>
                        <attachment title='Request' source='2811b9ba-2147-4844-baad-64947dd88f28-attachment.json' type='application/json' size='62'/>
                    </attachments>
                    <steps>
                        <step start='1647223608772' status='passed' stop='1647223609010'>
                            <name>takeScreenshot</name>
                            <title>takeScreenshot</title>
                            <attachments>
                                <attachment title='Screenshot' source='7b41ebf2-056a-4ed3-8cb6-abe7fee1e62c-attachment.png' type='image/png' size='144069'/>
                            </attachments>
                            <steps/>
                        </step>
                    </steps>
                </step>
            </steps>
            <attachments/>
            <failure>
                <message>Evaluation failed: DOMException: Failed to execute 'querySelector' on 'Document': '#2fa-method-select' is not a valid selector.
                    at __puppeteer_evaluation_script__:1:33</message>
                <stack-trace>Evaluation failed: DOMException: Failed to execute 'querySelector' on 'Document': '#2fa-method-select' is not a valid selector.
                    at __puppeteer_evaluation_script__:1:33
                Error: Evaluation failed: DOMException: Failed to execute 'querySelector' on 'Document': '#2fa-method-select' is not a valid selector.
                    at __puppeteer_evaluation_script__:1:33
                    at ExecutionContext._evaluateInternal (/Users/andrewburlakov/Desktop/JavaScript/QA_For_ALL/project_16/node_modules/puppeteer-core/lib/cjs/puppeteer/common/ExecutionContext.js:221:19)
                    at processTicksAndRejections (node:internal/process/task_queues:96:5)
                    at async ElementHandle.evaluateHandle (/Users/andrewburlakov/Desktop/JavaScript/QA_For_ALL/project_16/node_modules/puppeteer-core/lib/cjs/puppeteer/common/JSHandle.js:121:16)
                    at async Object.internalHandler.queryOne (/Users/andrewburlakov/Desktop/JavaScript/QA_For_ALL/project_16/node_modules/puppeteer-core/lib/cjs/puppeteer/common/QueryHandler.js:24:30)
                    at async DOMWorld.$ (/Users/andrewburlakov/Desktop/JavaScript/QA_For_ALL/project_16/node_modules/puppeteer-core/lib/cjs/puppeteer/common/DOMWorld.js:101:23)
                    at async DevToolsDriver.findElement (/Users/andrewburlakov/Desktop/JavaScript/QA_For_ALL/project_16/node_modules/devtools/build/utils.js:89:15)
                    at async Browser.wrappedCommand (/Users/andrewburlakov/Desktop/JavaScript/QA_For_ALL/project_16/node_modules/devtools/build/devtoolsdriver.js:102:26)
                    at async Browser.wrapCommandFn (/Users/andrewburlakov/Desktop/JavaScript/QA_For_ALL/project_16/node_modules/@wdio/utils/build/shim.js:137:29)
                    at async Browser.$ (/Users/andrewburlakov/Desktop/JavaScript/QA_For_ALL/project_16/node_modules/webdriverio/build/commands/browser/$.js:88:17)
                    at async Browser.wrapCommandFn (/Users/andrewburlakov/Desktop/JavaScript/QA_For_ALL/project_16/node_modules/@wdio/utils/build/shim.js:137:29)</stack-trace>
            </failure>
        </test-case>
    </test-cases>
</ns2:test-suite>